
다음에 접속됨: Oracle Database 19c Enterprise Edition Release 19.0.0.0.0 - Production
Version 19.3.0.0.0

익스포트 파일은 규정 경로를 거쳐 EXPORT:V11.02.00 에 의해 생성되었습니다

경고: 객체는 다른 사용자 ORA_USER(이)가 엑스포트한 것입니다.

KO16MSWIN949 문자집합과 AL16UTF16 NCHAR 문자 집합에 임포트가 완성되었습니다
AL32UTF8 문자 집합을 사용해서 서버를 임포트합니다 (문자집합 변환이 가능합니다)
IMP-00403: 

경고: 이 임포트는 권한 문제로 인해 실패한 DDL이 포함된 개별 SQL 파일 "expall_sys.sql"을(를) 생성했습니다.

. ORA_USER 객체를 NOTE(으)로 임포트하는 중입니다
. ORA_USER 객체를 NOTE(으)로 임포트하는 중입니다
. . 테이블                     "CHANNELS"(를)을 임포트 중          5 행이 임포트되었습니다
. . 테이블                    "COUNTRIES"(를)을 임포트 중         23 행이 임포트되었습니다
. . 테이블                    "CUSTOMERS"(를)을 임포트 중      55500 행이 임포트되었습니다
. . 테이블                  "DEPARTMENTS"(를)을 임포트 중         27 행이 임포트되었습니다
. . 테이블                    "EMPLOYEES"(를)을 임포트 중        107 행이 임포트되었습니다
. . 테이블                  "JOB_HISTORY"(를)을 임포트 중         10 행이 임포트되었습니다
. . 테이블                         "JOBS"(를)을 임포트 중         19 행이 임포트되었습니다
. . 테이블              "KOR_LOAN_STATUS"(를)을 임포트 중        238 행이 임포트되었습니다
. . 테이블                     "PRODUCTS"(를)을 임포트 중         72 행이 임포트되었습니다
경고와 함께 임포트가 정상 종료되었습니다.
